1481693052826	geckodriver	INFO	Listening on 127.0.0.1:48133
1481693053806	mozprofile::profile	INFO	Using profile path /tmp/rust_mozprofile.yrkgmDXCZv8F
1481693053818	geckodriver::marionette	INFO	Starting browser /usr/bin/firefox
1481693053840	geckodriver::marionette	INFO	Connecting to Marionette on localhost:33780
1481693056212	Marionette	INFO	Listening on port 33780

(firefox:16506): LIBDBUSMENU-GTK-CRITICAL **: dbusmenu_menuitem_property_set_shortcut: assertion 'gtk_accelerator_valid(key, modifier)' failed
JavaScript warning: https://cdn.adsafeprotected.com/sca.js, line 1: SyntaxError: for-in loop head declarations may not have initializers
1481695609967	geckodriver	INFO	Listening on 127.0.0.1:60708
1481695610969	mozprofile::profile	INFO	Using profile path /tmp/rust_mozprofile.WwJmHDjMJLg1
1481695610970	geckodriver::marionette	INFO	Starting browser /usr/bin/firefox
1481695610976	geckodriver::marionette	INFO	Connecting to Marionette on localhost:38157
1481695612482	Marionette	INFO	Listening on port 38157
1481695711820	geckodriver	INFO	Listening on 127.0.0.1:48709
1481695712820	mozprofile::profile	INFO	Using profile path /tmp/rust_mozprofile.1pHX9EooETst
1481695712821	geckodriver::marionette	INFO	Starting browser /usr/bin/firefox
1481695712828	geckodriver::marionette	INFO	Connecting to Marionette on localhost:39025
1481695714363	Marionette	INFO	Listening on port 39025

(firefox:17095): LIBDBUSMENU-GTK-CRITICAL **: dbusmenu_menuitem_property_set_shortcut: assertion 'gtk_accelerator_valid(key, modifier)' failed
1481695789959	geckodriver	INFO	Listening on 127.0.0.1:44472
1481695790956	mozprofile::profile	INFO	Using profile path /tmp/rust_mozprofile.k9gw8VcZsaK1
1481695790957	geckodriver::marionette	INFO	Starting browser /usr/bin/firefox
1481695790966	geckodriver::marionette	INFO	Connecting to Marionette on localhost:41411
1481695792458	Marionette	INFO	Listening on port 41411

(firefox:17228): LIBDBUSMENU-GTK-CRITICAL **: dbusmenu_menuitem_property_set_shortcut: assertion 'gtk_accelerator_valid(key, modifier)' failed
1481696052801	geckodriver	INFO	Listening on 127.0.0.1:55127
1481696053798	mozprofile::profile	INFO	Using profile path /tmp/rust_mozprofile.O1jbd35zl5in
1481696053799	geckodriver::marionette	INFO	Starting browser /usr/bin/firefox
1481696053807	geckodriver::marionette	INFO	Connecting to Marionette on localhost:41149
1481696055191	Marionette	INFO	Listening on port 41149

(firefox:17379): LIBDBUSMENU-GTK-CRITICAL **: dbusmenu_menuitem_property_set_shortcut: assertion 'gtk_accelerator_valid(key, modifier)' failed
1481696557765	geckodriver	INFO	Listening on 127.0.0.1:41677
1481696558763	mozprofile::profile	INFO	Using profile path /tmp/rust_mozprofile.zRKAdHDJD04K
1481696558764	geckodriver::marionette	INFO	Starting browser /usr/bin/firefox
1481696558766	geckodriver::marionette	INFO	Connecting to Marionette on localhost:36319
1481696560238	Marionette	INFO	Listening on port 36319

(firefox:17601): LIBDBUSMENU-GTK-CRITICAL **: dbusmenu_menuitem_property_set_shortcut: assertion 'gtk_accelerator_valid(key, modifier)' failed
